<?xml version="1.0" encoding="UTF-8"?>
<!-- Generated by org.testng.reporters.JUnitReportReporter -->
<testsuite hostname="DESKTOP-LOGJNK3" failures="0" tests="3" name="practing_TestNG.OpenWebsites" time="29.237" errors="0" timestamp="2023-12-03T11:00:18 EST" skipped="0">
  <testcase classname="practing_TestNG.OpenWebsites" name="openingAmazonSite" time="4.979"/>
  <system-out/>
  <testcase classname="practing_TestNG.OpenWebsites" name="openingYahooSite" time="19.814"/>
  <system-out/>
  <testcase classname="practing_TestNG.OpenWebsites" name="openingCnbcSite" time="4.444"/>
  <system-out/>
</testsuite> <!-- practing_TestNG.OpenWebsites -->
