<?xml version="1.0" encoding="UTF-8"?>
<!-- Generated by org.testng.reporters.JUnitReportReporter -->
<testsuite hostname="DESKTOP-LOGJNK3" failures="0" tests="2" name="selenium_package.TestNG_2nd_Program" time="9.954" errors="0" timestamp="2023-12-03T10:54:31 EST" skipped="0">
  <testcase classname="selenium_package.TestNG_2nd_Program" name="Open_and_Close_cnbc" time="4.454"/>
  <system-out/>
  <testcase classname="selenium_package.TestNG_2nd_Program" name="Open_and_Close_AmazonSite" time="5.500"/>
  <system-out/>
</testsuite> <!-- selenium_package.TestNG_2nd_Program -->
