<?xml version="1.0" encoding="UTF-8"?>
<!-- Generated by org.testng.reporters.JUnitReportReporter -->
<testsuite hostname="DESKTOP-LOGJNK3" failures="0" tests="3" name="practing_TestNG.multiple_testcasewith_priority" time="14.086" errors="0" timestamp="2023-12-03T11:09:15 EST" skipped="0">
  <testcase classname="practing_TestNG.multiple_testcasewith_priority" name="openingCNNBCSite" time="5.248"/>
  <system-out/>
  <testcase classname="practing_TestNG.multiple_testcasewith_priority" name="openingYahooSite" time="5.679"/>
  <system-out/>
  <testcase classname="practing_TestNG.multiple_testcasewith_priority" name="openingAmazonSite" time="3.159"/>
  <system-out/>
</testsuite> <!-- practing_TestNG.multiple_testcasewith_priority -->
