<?xml version="1.0" encoding="UTF-8"?>
<!-- Generated by org.testng.reporters.JUnitReportReporter -->
<testsuite hostname="DESKTOP-LOGJNK3" failures="0" tests="3" name="selenium_package.TestNG_hearder_footer" time="6.083" errors="0" timestamp="2023-12-03T15:24:03 EST" skipped="0">
  <testcase classname="selenium_package.TestNG_hearder_footer" name="Open_and_Close_CNBC_Site" time="1.530"/>
  <system-out/>
  <testcase classname="selenium_package.TestNG_hearder_footer" name="Open_and_Close_Yaho_Site" time="2.733"/>
  <system-out/>
  <testcase classname="selenium_package.TestNG_hearder_footer" name="Open_and_Close_AmazonSite" time="1.820"/>
  <system-out/>
</testsuite> <!-- selenium_package.TestNG_hearder_footer -->
