<?xml version="1.0" encoding="UTF-8"?>
<!-- Generated by org.testng.reporters.JUnitReportReporter -->
<testsuite hostname="DESKTOP-LOGJNK3" failures="0" tests="1" name="selenium_package.TestNG_first_class" time="0.028" errors="0" timestamp="2023-11-13T20:20:41 EST" skipped="0">
  <testcase classname="selenium_package.TestNG_first_class" name="f" time="0.028"/>
  <system-out/>
</testsuite> <!-- selenium_package.TestNG_first_class -->
